+-----------------------------------------------------------------------------------------------------------+ 
| Starting dfd0 from /anvil/projects/x-mch220010/dfd2022/bubg_ptg/input.py:                                 |
| - Start-time:    13:51:27                            - Start-date:    13:51:27                            |
| - Partition:     debug                               - Walltime:      02:00:00                            |
| - Account:                                           - Nodes:         2                                   |
| - CPUs (/node):  128                                 - GPUs (/node):  0                                   |
| - Job Name:      dfd0                                - Engine         batch                               |
| - Queue System:  SLURM                               - Mode:          release-cpu                         |
| - Email:                                             -                                                    |
+-----------------------------------------------------------------------------------------------------------+ 

:) Running MFC...
 ------ Time step            0 of      440418 ----
 PT-K bracketing failed to find lower bound
 location j           24 , k            8 , l           0
 rhoe ::   -6.4142342004882994E+036
 alpha            1  ::   0.73310023310023342     
 rhoal            1  ::    9.9999999999999998E-017
 alpha            2  ::   0.10023310023310007     
 rhoal            2  ::    9.9999999999999998E-017
 alpha            3  ::   0.16666666666666641     
 rhoal            3  ::    9.9999999999999998E-017
 PT-K bracketing failed to find lower bound
 location j           14 , k            0 , l           0
 rhoe ::   -6.1727157731056054E+036
 alpha            1  ::   0.73310023310023342     
 rhoal            1  ::    9.9999999999999998E-017
 alpha            2  ::   0.10023310023310007     
 rhoal            2  ::    9.9999999999999998E-017
 alpha            3  ::   0.16666666666666641     
 rhoal            3  ::    9.9999999999999998E-017
 PT-K bracketing failed to find lower bound
 location j            5 , k           45 , l           0
 rhoe ::   -4.7518934869423450E+020
 alpha            1  ::    4.9999999999999999E-017
 rhoal            1  ::    9.9999999999999998E-017
 alpha            2  ::   0.50000000000000000     
 rhoal            2  ::    6.2859574446090146E-007
 PT-K bracketing failed to find lower bound
 location j           10 , k           56 , l           0
 rhoe ::   -6.1765420113109842E+036
 alpha            1  ::   0.73310023310023342     
 rhoal            1  ::    9.9999999999999998E-017
 alpha            2  ::   0.10023310023310007     
 rhoal            2  ::    9.9999999999999998E-017
 alpha            3  ::   0.16666666666666641     
 rhoal            3  ::    9.9999999999999998E-017
 alpha            3  ::   0.50000000000000000     
 rhoal            3  ::   0.39145986336048916     

+-----------------------------------------------------------------------------------------------------------+ 
| Finished dfd0:                                                                                            |
| - Total-time:    7s                                  - Exit Code:     1                                   |
| - End-time:      13:51:34                            - End-date:      13:51:34                            |
+-----------------------------------------------------------------------------------------------------------+ 
